<?xml version="1.0" encoding="UTF-8"?>
<testsuite name="com.example.Calculator.CalculatorTest" tests="4" skipped="0" failures="0" errors="0" timestamp="2024-11-12T01:56:09" hostname="Gachonui-MacBookPro.local" time="0.008">
  <properties/>
  <testcase name="testDiv()" classname="com.example.Calculator.CalculatorTest" time="0.005"/>
  <testcase name="testMul()" classname="com.example.Calculator.CalculatorTest" time="0.0"/>
  <testcase name="testSub()" classname="com.example.Calculator.CalculatorTest" time="0.0"/>
  <testcase name="testSum()" classname="com.example.Calculator.CalculatorTest" time="0.0"/>
  <system-out><![CDATA[]]></system-out>
  <system-err><![CDATA[]]></system-err>
</testsuite>
